
> 24h-de-l-insa-site-nodejs@0.0.0 start /home/web/site_internet_2018/24hinsa_website_2019
> nodemon ./bin/www

[33m[nodemon] 1.18.9[39m
[33m[nodemon] to restart at any time, enter `rs`[39m
[33m[nodemon] watching: *.*[39m
[32m[nodemon] starting `node ./bin/www`[39m
events.js:173
      throw er; // Unhandled 'error' event
      ^

Error: EBADF: bad file descriptor, read
Emitted 'error' event at:
    at fs.read (internal/fs/streams.js:180:12)
    at FSReqCallback.wrapper [as oncomplete] (fs.js:480:5)
npm ERR! code ELIFECYCLE
npm ERR! errno 1
npm ERR! 24h-de-l-insa-site-nodejs@0.0.0 start: `nodemon ./bin/www`
npm ERR! Exit status 1
npm ERR! 
npm ERR! Failed at the 24h-de-l-insa-site-nodejs@0.0.0 start script.
npm ERR! This is probably not a problem with npm. There is likely additional logging output above.

npm ERR! A complete log of this run can be found in:
npm ERR!     /root/.npm/_logs/2019-01-18T15_06_07_898Z-debug.log

> 24h-de-l-insa-site-nodejs@0.0.0 start /home/web/site_internet_2018/24hinsa_website_2019
> nodemon ./bin/www

[33m[nodemon] 1.18.9[39m
[33m[nodemon] to restart at any time, enter `rs`[39m
[33m[nodemon] watching: *.*[39m
[32m[nodemon] starting `node ./bin/www`[39m
events.js:173
      throw er; // Unhandled 'error' event
      ^

Error: EBADF: bad file descriptor, read
Emitted 'error' event at:
    at fs.read (internal/fs/streams.js:180:12)
    at FSReqCallback.wrapper [as oncomplete] (fs.js:480:5)
npm ERR! code ELIFECYCLE
npm ERR! errno 1
npm ERR! 24h-de-l-insa-site-nodejs@0.0.0 start: `nodemon ./bin/www`
npm ERR! Exit status 1
npm ERR! 
npm ERR! Failed at the 24h-de-l-insa-site-nodejs@0.0.0 start script.
npm ERR! This is probably not a problem with npm. There is likely additional logging output above.

npm ERR! A complete log of this run can be found in:
npm ERR!     /root/.npm/_logs/2019-01-20T10_11_11_470Z-debug.log
